<?xml version="1.0" encoding="UTF-8"?>
<!-- Generated by org.testng.reporters.JUnitXMLReporter -->
<testsuite hostname="DESKTOP-QQTVGDL" name="Default test" tests="3" failures="0" timestamp="14 Jul 2017 07:34:11 GMT" time="0.097" errors="0">
  <testcase name="testForRegisterObserver" time="0.063" classname="com.onenow.hedgefund.market.test.FanOutTestNG"/>
  <testcase name="testForDisplayKeyFromInvestmentObservers" time="0.005" classname="com.onenow.hedgefund.market.test.FanOutTestNG"/>
  <testcase name="testForNotifyObservers" time="0.003" classname="com.onenow.hedgefund.market.test.FanOutTestNG"/>
</testsuite> <!-- Default test -->
